urbanairship-fcm/build/intermediates/manifest_merge_blame_file/debug/manifest-merger-blame-debug-report.txt
1<?xml version="1.0" encoding="utf-8"?>
2<manifest xmlns:android="http://schemas.android.com/apk/res/android"
3    xmlns:tools="http://schemas.android.com/tools"
4    package="com.urbanairship.push.fcm"
5    android:versionCode="1"
6    android:versionName="1.0" >
7
8    <uses-sdk
9        android:minSdkVersion="21"
9-->src\main\AndroidManifest.xml
10        android:targetSdkVersion="29" />
10-->src\main\AndroidManifest.xml
11
12    <application>
12-->src\main\AndroidManifest.xml:7:5-18:19
13
14        <!-- Firebase checks permissions at runtime -->
15        <service
15-->src\main\AndroidManifest.xml:10:9-16:19
16            android:name="com.urbanairship.push.fcm.AirshipFirebaseMessagingService"
16-->src\main\AndroidManifest.xml:11:13-85
17            tools:ignore="ExportedService" >
17-->src\main\AndroidManifest.xml:12:13-43
18            <intent-filter android:priority="-1" >
18-->src\main\AndroidManifest.xml:13:13-15:29
18-->src\main\AndroidManifest.xml:13:28-49
19                <action android:name="com.google.firebase.MESSAGING_EVENT" />
19-->src\main\AndroidManifest.xml:14:17-78
19-->src\main\AndroidManifest.xml:14:25-75
20            </intent-filter>
21        </service>
22    </application>
23
24</manifest>